0 info it worked if it ends with ok
1 verbose cli [ '/usr/bin/nodejs', '/usr/bin/npm', 'install', '@types/jquery' ]
2 info using npm@3.5.2
3 info using node@v4.7.2
4 silly loadCurrentTree Starting
5 silly install loadCurrentTree
6 silly install readLocalPackageData
7 silly fetchPackageMetaData @types/jquery@3.2.15
8 silly fetchNamedPackageData @types/jquery
9 silly mapToRegistry name @types/jquery
10 silly mapToRegistry scope (from package name) @types
11 verbose mapToRegistry no registry URL found in name for scope @types
12 silly mapToRegistry using default registry
13 silly mapToRegistry registry https://registry.npmjs.org/
14 silly mapToRegistry uri https://registry.npmjs.org/@types%2fjquery
15 verbose request uri https://registry.npmjs.org/@types%2fjquery
16 verbose request no auth needed
17 info attempt registry request try #1 at 9:34:30 AM
18 verbose request id c3b3fcda24131cb4
19 verbose etag W/"59edb452-18ea7"
20 verbose lastModified Mon, 23 Oct 2017 09:20:18 GMT
21 http request GET https://registry.npmjs.org/@types%2fjquery
22 http 304 https://registry.npmjs.org/@types%2fjquery
23 verbose headers { date: 'Fri, 27 Oct 2017 13:34:30 GMT',
23 verbose headers   via: '1.1 varnish',
23 verbose headers   'cache-control': 'max-age=0',
23 verbose headers   etag: 'W/"59edb452-18ea7"',
23 verbose headers   age: '0',
23 verbose headers   connection: 'keep-alive',
23 verbose headers   'x-served-by': 'cache-yul8923-YUL',
23 verbose headers   'x-cache': 'MISS',
23 verbose headers   'x-cache-hits': '0',
23 verbose headers   'x-timer': 'S1509111271.623379,VS0,VE348',
23 verbose headers   vary: 'Accept-Encoding' }
24 silly get cb [ 304,
24 silly get   { date: 'Fri, 27 Oct 2017 13:34:30 GMT',
24 silly get     via: '1.1 varnish',
24 silly get     'cache-control': 'max-age=0',
24 silly get     etag: 'W/"59edb452-18ea7"',
24 silly get     age: '0',
24 silly get     connection: 'keep-alive',
24 silly get     'x-served-by': 'cache-yul8923-YUL',
24 silly get     'x-cache': 'MISS',
24 silly get     'x-cache-hits': '0',
24 silly get     'x-timer': 'S1509111271.623379,VS0,VE348',
24 silly get     vary: 'Accept-Encoding' } ]
25 verbose etag https://registry.npmjs.org/@types%2fjquery from cache
26 verbose get saving @types/jquery to /home/jfcloutier/.npm/registry.npmjs.org/_40types_252fjquery/.cache.json
27 silly install normalizeTree
28 silly loadCurrentTree Finishing
29 silly loadIdealTree Starting
30 silly install loadIdealTree
31 silly cloneCurrentTree Starting
32 silly install cloneCurrentTreeToIdealTree
33 silly cloneCurrentTree Finishing
34 silly loadShrinkwrap Starting
35 silly install loadShrinkwrap
36 silly loadShrinkwrap Finishing
37 silly loadAllDepsIntoIdealTree Starting
38 silly install loadAllDepsIntoIdealTree
39 silly resolveWithNewModule @types/jquery@3.2.15 checking installable status
40 silly cache add args [ '@types/jquery@3.2.15', null ]
41 verbose cache add spec @types/jquery@3.2.15
42 silly cache add parsed spec Result {
42 silly cache add   raw: '@types/jquery@3.2.15',
42 silly cache add   scope: '@types',
42 silly cache add   name: '@types/jquery',
42 silly cache add   rawSpec: '3.2.15',
42 silly cache add   spec: '3.2.15',
42 silly cache add   type: 'version' }
43 silly addNamed @types/jquery@3.2.15
44 verbose addNamed "3.2.15" is a plain semver version for @types/jquery
45 silly mapToRegistry name @types/jquery
46 silly mapToRegistry scope (from package name) @types
47 verbose mapToRegistry no registry URL found in name for scope @types
48 silly mapToRegistry using default registry
49 silly mapToRegistry registry https://registry.npmjs.org/
50 silly mapToRegistry uri https://registry.npmjs.org/@types%2fjquery
51 verbose addNameVersion registry:https://registry.npmjs.org/@types%2fjquery not in flight; fetching
52 verbose get https://registry.npmjs.org/@types%2fjquery not expired, no request
53 silly cache afterAdd @types/jquery@3.2.15
54 verbose afterAdd /home/jfcloutier/.npm/@types/jquery/3.2.15/package/package.json not in flight; writing
55 verbose afterAdd /home/jfcloutier/.npm/@types/jquery/3.2.15/package/package.json written
56 silly fetchNamedPackageData fsevents
57 silly mapToRegistry name fsevents
58 silly mapToRegistry using default registry
59 silly mapToRegistry registry https://registry.npmjs.org/
60 silly mapToRegistry uri https://registry.npmjs.org/fsevents
61 verbose request uri https://registry.npmjs.org/fsevents
62 verbose request no auth needed
63 info attempt registry request try #1 at 9:34:32 AM
64 verbose etag W/"59e7e5d7-ddaf"
65 verbose lastModified Wed, 18 Oct 2017 23:37:59 GMT
66 http request GET https://registry.npmjs.org/fsevents
67 http 304 https://registry.npmjs.org/fsevents
68 verbose headers { date: 'Fri, 27 Oct 2017 13:34:32 GMT',
68 verbose headers   via: '1.1 varnish',
68 verbose headers   'cache-control': 'max-age=300',
68 verbose headers   etag: 'W/"59e7e5d7-ddaf"',
68 verbose headers   age: '240',
68 verbose headers   connection: 'keep-alive',
68 verbose headers   'x-served-by': 'cache-yul8923-YUL',
68 verbose headers   'x-cache': 'HIT',
68 verbose headers   'x-cache-hits': '5',
68 verbose headers   'x-timer': 'S1509111273.851391,VS0,VE0',
68 verbose headers   vary: 'Accept-Encoding, Accept' }
69 silly get cb [ 304,
69 silly get   { date: 'Fri, 27 Oct 2017 13:34:32 GMT',
69 silly get     via: '1.1 varnish',
69 silly get     'cache-control': 'max-age=300',
69 silly get     etag: 'W/"59e7e5d7-ddaf"',
69 silly get     age: '240',
69 silly get     connection: 'keep-alive',
69 silly get     'x-served-by': 'cache-yul8923-YUL',
69 silly get     'x-cache': 'HIT',
69 silly get     'x-cache-hits': '5',
69 silly get     'x-timer': 'S1509111273.851391,VS0,VE0',
69 silly get     vary: 'Accept-Encoding, Accept' } ]
70 verbose etag https://registry.npmjs.org/fsevents from cache
71 verbose get saving fsevents to /home/jfcloutier/.npm/registry.npmjs.org/fsevents/.cache.json
72 silly resolveWithNewModule fsevents@1.1.2 checking installable status
73 silly fetchNamedPackageData JSONStream
74 silly mapToRegistry name JSONStream
75 silly mapToRegistry using default registry
76 silly mapToRegistry registry https://registry.npmjs.org/
77 silly mapToRegistry uri https://registry.npmjs.org/JSONStream
78 verbose request uri https://registry.npmjs.org/JSONStream
79 verbose request no auth needed
80 info attempt registry request try #1 at 9:34:35 AM
81 verbose etag W/"59e8bd64-109cb"
82 verbose lastModified Thu, 19 Oct 2017 14:57:40 GMT
83 http request GET https://registry.npmjs.org/JSONStream
84 http 304 https://registry.npmjs.org/JSONStream
85 verbose headers { date: 'Fri, 27 Oct 2017 13:34:35 GMT',
85 verbose headers   via: '1.1 varnish',
85 verbose headers   'cache-control': 'max-age=300',
85 verbose headers   etag: 'W/"59e8bd64-109cb"',
85 verbose headers   age: '0',
85 verbose headers   connection: 'keep-alive',
85 verbose headers   'x-served-by': 'cache-yul8923-YUL',
85 verbose headers   'x-cache': 'HIT',
85 verbose headers   'x-cache-hits': '1',
85 verbose headers   'x-timer': 'S1509111276.563372,VS0,VE330',
85 verbose headers   vary: 'Accept-Encoding, Accept' }
86 silly get cb [ 304,
86 silly get   { date: 'Fri, 27 Oct 2017 13:34:35 GMT',
86 silly get     via: '1.1 varnish',
86 silly get     'cache-control': 'max-age=300',
86 silly get     etag: 'W/"59e8bd64-109cb"',
86 silly get     age: '0',
86 silly get     connection: 'keep-alive',
86 silly get     'x-served-by': 'cache-yul8923-YUL',
86 silly get     'x-cache': 'HIT',
86 silly get     'x-cache-hits': '1',
86 silly get     'x-timer': 'S1509111276.563372,VS0,VE330',
86 silly get     vary: 'Accept-Encoding, Accept' } ]
87 verbose etag https://registry.npmjs.org/JSONStream from cache
88 verbose get saving JSONStream to /home/jfcloutier/.npm/registry.npmjs.org/JSONStream/.cache.json
89 silly resolveWithNewModule JSONStream@1.3.1 checking installable status
90 silly cache add args [ 'JSONStream@~1.3.1', null ]
91 verbose cache add spec JSONStream@~1.3.1
92 silly cache add parsed spec Result {
92 silly cache add   raw: 'JSONStream@~1.3.1',
92 silly cache add   scope: null,
92 silly cache add   name: 'JSONStream',
92 silly cache add   rawSpec: '~1.3.1',
92 silly cache add   spec: '>=1.3.1 <1.4.0',
92 silly cache add   type: 'range' }
93 silly addNamed JSONStream@>=1.3.1 <1.4.0
94 verbose addNamed ">=1.3.1 <1.4.0" is a valid semver range for JSONStream
95 silly addNameRange { name: 'JSONStream', range: '>=1.3.1 <1.4.0', hasData: false }
96 silly mapToRegistry name JSONStream
97 silly mapToRegistry using default registry
98 silly mapToRegistry registry https://registry.npmjs.org/
99 silly mapToRegistry uri https://registry.npmjs.org/JSONStream
100 verbose addNameRange registry:https://registry.npmjs.org/JSONStream not in flight; fetching
101 verbose get https://registry.npmjs.org/JSONStream not expired, no request
102 silly addNameRange number 2 { name: 'JSONStream', range: '>=1.3.1 <1.4.0', hasData: true }
103 silly addNameRange versions [ 'JSONStream',
103 silly addNameRange   [ '0.0.0',
103 silly addNameRange     '0.1.0',
103 silly addNameRange     '0.1.1',
103 silly addNameRange     '0.1.2',
103 silly addNameRange     '0.1.3',
103 silly addNameRange     '0.2.0',
103 silly addNameRange     '0.2.1',
103 silly addNameRange     '0.2.2',
103 silly addNameRange     '0.2.3',
103 silly addNameRange     '0.3.0',
103 silly addNameRange     '0.3.1',
103 silly addNameRange     '0.3.2',
103 silly addNameRange     '0.3.3',
103 silly addNameRange     '0.4.0',
103 silly addNameRange     '0.4.1',
103 silly addNameRange     '0.4.2',
103 silly addNameRange     '0.4.3',
103 silly addNameRange     '0.4.4',
103 silly addNameRange     '0.5.0',
103 silly addNameRange     '0.6.0',
103 silly addNameRange     '0.6.1',
103 silly addNameRange     '0.6.2',
103 silly addNameRange     '0.6.3',
103 silly addNameRange     '0.6.4',
103 silly addNameRange     '0.7.0',
103 silly addNameRange     '0.7.1',
103 silly addNameRange     '0.8.0',
103 silly addNameRange     '0.7.2',
103 silly addNameRange     '0.7.3',
103 silly addNameRange     '0.7.4',
103 silly addNameRange     '0.8.1',
103 silly addNameRange     '0.8.2',
103 silly addNameRange     '0.8.3',
103 silly addNameRange     '0.8.4',
103 silly addNameRange     '0.9.0',
103 silly addNameRange     '0.10.0',
103 silly addNameRange     '1.0.2',
103 silly addNameRange     '1.0.3',
103 silly addNameRange     '1.0.4',
103 silly addNameRange     '1.0.5',
103 silly addNameRange     '1.0.6',
103 silly addNameRange     '1.0.7',
103 silly addNameRange     '1.1.1',
103 silly addNameRange     '1.1.2',
103 silly addNameRange     '1.1.3',
103 silly addNameRange     '1.1.4',
103 silly addNameRange     '1.2.0',
103 silly addNameRange     '1.2.1',
103 silly addNameRange     '1.3.0',
103 silly addNameRange     '1.3.1' ] ]
104 silly addNamed JSONStream@1.3.1
105 verbose addNamed "1.3.1" is a plain semver version for JSONStream
106 silly cache afterAdd JSONStream@1.3.1
107 verbose afterAdd /home/jfcloutier/.npm/JSONStream/1.3.1/package/package.json not in flight; writing
108 verbose afterAdd /home/jfcloutier/.npm/JSONStream/1.3.1/package/package.json written
109 verbose stack TypeError: Cannot convert undefined or null to object
109 verbose stack     at Function.keys (native)
109 verbose stack     at /usr/share/npm/lib/install/deps.js:572:19
109 verbose stack     at Array.some (native)
109 verbose stack     at exports.earliestInstallable (/usr/share/npm/lib/install/deps.js:569:68)
109 verbose stack     at /usr/share/npm/lib/install/deps.js:474:20
109 verbose stack     at /usr/share/npm/node_modules/iferr/index.js:13:50
109 verbose stack     at addBundled (/usr/share/npm/lib/fetch-package-metadata.js:231:39)
109 verbose stack     at /usr/share/npm/lib/install/deps.js:473:5
109 verbose stack     at /usr/share/npm/node_modules/iferr/index.js:13:50
109 verbose stack     at Parse.<anonymous> (/usr/share/npm/lib/fetch-package-metadata.js:222:9)
110 verbose cwd /home/jfcloutier/github/ancientwinds/test
111 error Linux 4.10.0-37-generic
112 error argv "/usr/bin/nodejs" "/usr/bin/npm" "install" "@types/jquery"
113 error node v4.7.2
114 error npm  v3.5.2
115 error Cannot convert undefined or null to object
116 error If you need help, you may report this error at:
116 error     <https://github.com/npm/npm/issues>
117 verbose exit [ 1, true ]
